ARM GAS  C:\Users\WINDOW~1\AppData\Local\Temp\ccZdVXNj.s 			page 1


   1              		.syntax unified
   2              		.cpu cortex-m3
   3              		.fpu softvfp
   4              		.eabi_attribute 20, 1
   5              		.eabi_attribute 21, 1
   6              		.eabi_attribute 23, 3
   7              		.eabi_attribute 24, 1
   8              		.eabi_attribute 25, 1
   9              		.eabi_attribute 26, 1
  10              		.eabi_attribute 30, 1
  11              		.eabi_attribute 34, 1
  12              		.eabi_attribute 18, 4
  13              		.thumb
  14              		.syntax unified
  15              		.file	"cymetadata.c"
  16              		.text
  17              	.Ltext0:
  18              		.cfi_sections	.debug_frame
  19              		.global	cy_metadata
  20              		.global	cy_meta_flashprotect
  21              		.global	cy_meta_wonvl
  22              		.global	cy_meta_custnvl
  23              		.global	cy_meta_configecc
  24              		.section	.cyconfigecc,"a",%progbits
  25              		.align	2
  26              		.type	cy_meta_configecc, %object
  27              		.size	cy_meta_configecc, 1076
  28              	cy_meta_configecc:
  29 0000 02       		.byte	2
  30 0001 52       		.byte	82
  31 0002 00       		.byte	0
  32 0003 40       		.byte	64
  33 0004 03       		.byte	3
  34 0005 64       		.byte	100
  35 0006 00       		.byte	0
  36 0007 40       		.byte	64
  37 0008 47       		.byte	71
  38 0009 00       		.byte	0
  39 000a 01       		.byte	1
  40 000b 40       		.byte	64
  41 000c 33       		.byte	51
  42 000d 01       		.byte	1
  43 000e 01       		.byte	1
  44 000f 40       		.byte	64
  45 0010 51       		.byte	81
  46 0011 02       		.byte	2
  47 0012 01       		.byte	1
  48 0013 40       		.byte	64
  49 0014 45       		.byte	69
  50 0015 03       		.byte	3
  51 0016 01       		.byte	1
  52 0017 40       		.byte	64
  53 0018 51       		.byte	81
  54 0019 04       		.byte	4
  55 001a 01       		.byte	1
  56 001b 40       		.byte	64
  57 001c 4A       		.byte	74
ARM GAS  C:\Users\WINDOW~1\AppData\Local\Temp\ccZdVXNj.s 			page 2


  58 001d 05       		.byte	5
  59 001e 01       		.byte	1
  60 001f 40       		.byte	64
  61 0020 01       		.byte	1
  62 0021 07       		.byte	7
  63 0022 01       		.byte	1
  64 0023 40       		.byte	64
  65 0024 01       		.byte	1
  66 0025 15       		.byte	21
  67 0026 01       		.byte	1
  68 0027 40       		.byte	64
  69 0028 01       		.byte	1
  70 0029 17       		.byte	23
  71 002a 01       		.byte	1
  72 002b 40       		.byte	64
  73 002c 01       		.byte	1
  74 002d 19       		.byte	25
  75 002e 01       		.byte	1
  76 002f 40       		.byte	64
  77 0030 01       		.byte	1
  78 0031 1B       		.byte	27
  79 0032 01       		.byte	1
  80 0033 40       		.byte	64
  81 0034 04       		.byte	4
  82 0035 40       		.byte	64
  83 0036 01       		.byte	1
  84 0037 40       		.byte	64
  85 0038 06       		.byte	6
  86 0039 41       		.byte	65
  87 003a 01       		.byte	1
  88 003b 40       		.byte	64
  89 003c 07       		.byte	7
  90 003d 42       		.byte	66
  91 003e 01       		.byte	1
  92 003f 40       		.byte	64
  93 0040 02       		.byte	2
  94 0041 43       		.byte	67
  95 0042 01       		.byte	1
  96 0043 40       		.byte	64
  97 0044 03       		.byte	3
  98 0045 48       		.byte	72
  99 0046 01       		.byte	1
 100 0047 40       		.byte	64
 101 0048 02       		.byte	2
 102 0049 49       		.byte	73
 103 004a 01       		.byte	1
 104 004b 40       		.byte	64
 105 004c 05       		.byte	5
 106 004d 4C       		.byte	76
 107 004e 01       		.byte	1
 108 004f 40       		.byte	64
 109 0050 01       		.byte	1
 110 0051 4D       		.byte	77
 111 0052 01       		.byte	1
 112 0053 40       		.byte	64
 113 0054 03       		.byte	3
 114 0055 50       		.byte	80
ARM GAS  C:\Users\WINDOW~1\AppData\Local\Temp\ccZdVXNj.s 			page 3


 115 0056 01       		.byte	1
 116 0057 40       		.byte	64
 117 0058 01       		.byte	1
 118 0059 51       		.byte	81
 119 005a 01       		.byte	1
 120 005b 40       		.byte	64
 121 005c 00       		.byte	0
 122 005d 02       		.byte	2
 123 005e 04       		.byte	4
 124 005f 01       		.byte	1
 125 0060 81       		.byte	-127
 126 0061 72       		.byte	114
 127 0062 82       		.byte	-126
 128 0063 0F       		.byte	15
 129 0064 85       		.byte	-123
 130 0065 38       		.byte	56
 131 0066 02       		.byte	2
 132 0067 08       		.byte	8
 133 0068 04       		.byte	4
 134 0069 03       		.byte	3
 135 006a 05       		.byte	5
 136 006b 01       		.byte	1
 137 006c 06       		.byte	6
 138 006d 0C       		.byte	12
 139 006e 08       		.byte	8
 140 006f 03       		.byte	3
 141 0070 09       		.byte	9
 142 0071 02       		.byte	2
 143 0072 0A       		.byte	10
 144 0073 04       		.byte	4
 145 0074 10       		.byte	16
 146 0075 0A       		.byte	10
 147 0076 12       		.byte	18
 148 0077 04       		.byte	4
 149 0078 13       		.byte	19
 150 0079 01       		.byte	1
 151 007a 16       		.byte	22
 152 007b 05       		.byte	5
 153 007c 24       		.byte	36
 154 007d 03       		.byte	3
 155 007e 26       		.byte	38
 156 007f 04       		.byte	4
 157 0080 29       		.byte	41
 158 0081 01       		.byte	1
 159 0082 34       		.byte	52
 160 0083 0F       		.byte	15
 161 0084 37       		.byte	55
 162 0085 03       		.byte	3
 163 0086 39       		.byte	57
 164 0087 80       		.byte	-128
 165 0088 3A       		.byte	58
 166 0089 20       		.byte	32
 167 008a 40       		.byte	64
 168 008b 26       		.byte	38
 169 008c 41       		.byte	65
 170 008d 03       		.byte	3
 171 008e 45       		.byte	69
ARM GAS  C:\Users\WINDOW~1\AppData\Local\Temp\ccZdVXNj.s 			page 4


 172 008f EC       		.byte	-20
 173 0090 46       		.byte	70
 174 0091 EB       		.byte	-21
 175 0092 48       		.byte	72
 176 0093 0F       		.byte	15
 177 0094 49       		.byte	73
 178 0095 FF       		.byte	-1
 179 0096 4A       		.byte	74
 180 0097 FF       		.byte	-1
 181 0098 4B       		.byte	75
 182 0099 FF       		.byte	-1
 183 009a 4E       		.byte	78
 184 009b F0       		.byte	-16
 185 009c 4F       		.byte	79
 186 009d 44       		.byte	68
 187 009e 50       		.byte	80
 188 009f 0C       		.byte	12
 189 00a0 58       		.byte	88
 190 00a1 04       		.byte	4
 191 00a2 59       		.byte	89
 192 00a3 04       		.byte	4
 193 00a4 5A       		.byte	90
 194 00a5 04       		.byte	4
 195 00a6 5F       		.byte	95
 196 00a7 01       		.byte	1
 197 00a8 66       		.byte	102
 198 00a9 C0       		.byte	-64
 199 00aa 6A       		.byte	106
 200 00ab 40       		.byte	64
 201 00ac 6B       		.byte	107
 202 00ad 02       		.byte	2
 203 00ae 81       		.byte	-127
 204 00af 10       		.byte	16
 205 00b0 85       		.byte	-123
 206 00b1 08       		.byte	8
 207 00b2 86       		.byte	-122
 208 00b3 02       		.byte	2
 209 00b4 88       		.byte	-120
 210 00b5 04       		.byte	4
 211 00b6 89       		.byte	-119
 212 00b7 C0       		.byte	-64
 213 00b8 8D       		.byte	-115
 214 00b9 1C       		.byte	28
 215 00ba 8F       		.byte	-113
 216 00bb E1       		.byte	-31
 217 00bc 91       		.byte	-111
 218 00bd 80       		.byte	-128
 219 00be 92       		.byte	-110
 220 00bf 02       		.byte	2
 221 00c0 95       		.byte	-107
 222 00c1 E7       		.byte	-25
 223 00c2 97       		.byte	-105
 224 00c3 18       		.byte	24
 225 00c4 98       		.byte	-104
 226 00c5 01       		.byte	1
 227 00c6 99       		.byte	-103
 228 00c7 18       		.byte	24
ARM GAS  C:\Users\WINDOW~1\AppData\Local\Temp\ccZdVXNj.s 			page 5


 229 00c8 9F       		.byte	-97
 230 00c9 04       		.byte	4
 231 00ca A1       		.byte	-95
 232 00cb 3C       		.byte	60
 233 00cc A3       		.byte	-93
 234 00cd C2       		.byte	-62
 235 00ce A4       		.byte	-92
 236 00cf 01       		.byte	1
 237 00d0 A5       		.byte	-91
 238 00d1 44       		.byte	68
 239 00d2 A9       		.byte	-87
 240 00d3 FF       		.byte	-1
 241 00d4 AC       		.byte	-84
 242 00d5 01       		.byte	1
 243 00d6 AF       		.byte	-81
 244 00d7 E3       		.byte	-29
 245 00d8 B1       		.byte	-79
 246 00d9 1F       		.byte	31
 247 00da B2       		.byte	-78
 248 00db 01       		.byte	1
 249 00dc B4       		.byte	-76
 250 00dd 04       		.byte	4
 251 00de B5       		.byte	-75
 252 00df 38       		.byte	56
 253 00e0 B6       		.byte	-74
 254 00e1 02       		.byte	2
 255 00e2 B7       		.byte	-73
 256 00e3 C0       		.byte	-64
 257 00e4 BB       		.byte	-69
 258 00e5 02       		.byte	2
 259 00e6 BE       		.byte	-66
 260 00e7 50       		.byte	80
 261 00e8 D6       		.byte	-42
 262 00e9 02       		.byte	2
 263 00ea D7       		.byte	-41
 264 00eb 11       		.byte	17
 265 00ec D8       		.byte	-40
 266 00ed 04       		.byte	4
 267 00ee D9       		.byte	-39
 268 00ef 04       		.byte	4
 269 00f0 DB       		.byte	-37
 270 00f1 04       		.byte	4
 271 00f2 DF       		.byte	-33
 272 00f3 01       		.byte	1
 273 00f4 00       		.byte	0
 274 00f5 06       		.byte	6
 275 00f6 03       		.byte	3
 276 00f7 08       		.byte	8
 277 00f8 04       		.byte	4
 278 00f9 28       		.byte	40
 279 00fa 06       		.byte	6
 280 00fb 10       		.byte	16
 281 00fc 09       		.byte	9
 282 00fd 02       		.byte	2
 283 00fe 0B       		.byte	11
 284 00ff 20       		.byte	32
 285 0100 0E       		.byte	14
ARM GAS  C:\Users\WINDOW~1\AppData\Local\Temp\ccZdVXNj.s 			page 6


 286 0101 04       		.byte	4
 287 0102 0F       		.byte	15
 288 0103 80       		.byte	-128
 289 0104 10       		.byte	16
 290 0105 20       		.byte	32
 291 0106 15       		.byte	21
 292 0107 40       		.byte	64
 293 0108 17       		.byte	23
 294 0109 04       		.byte	4
 295 010a 18       		.byte	24
 296 010b 04       		.byte	4
 297 010c 1D       		.byte	29
 298 010d 48       		.byte	72
 299 010e 1E       		.byte	30
 300 010f 08       		.byte	8
 301 0110 20       		.byte	32
 302 0111 02       		.byte	2
 303 0112 21       		.byte	33
 304 0113 40       		.byte	64
 305 0114 24       		.byte	36
 306 0115 08       		.byte	8
 307 0116 25       		.byte	37
 308 0117 01       		.byte	1
 309 0118 27       		.byte	39
 310 0119 02       		.byte	2
 311 011a 2B       		.byte	43
 312 011b 08       		.byte	8
 313 011c 2C       		.byte	44
 314 011d 01       		.byte	1
 315 011e 2D       		.byte	45
 316 011f 20       		.byte	32
 317 0120 2E       		.byte	46
 318 0121 01       		.byte	1
 319 0122 2F       		.byte	47
 320 0123 20       		.byte	32
 321 0124 31       		.byte	49
 322 0125 02       		.byte	2
 323 0126 36       		.byte	54
 324 0127 88       		.byte	-120
 325 0128 37       		.byte	55
 326 0129 21       		.byte	33
 327 012a 38       		.byte	56
 328 012b 04       		.byte	4
 329 012c 3B       		.byte	59
 330 012d 20       		.byte	32
 331 012e 3D       		.byte	61
 332 012f 10       		.byte	16
 333 0130 3E       		.byte	62
 334 0131 4A       		.byte	74
 335 0132 40       		.byte	64
 336 0133 04       		.byte	4
 337 0134 43       		.byte	67
 338 0135 08       		.byte	8
 339 0136 48       		.byte	72
 340 0137 20       		.byte	32
 341 0138 4B       		.byte	75
 342 0139 21       		.byte	33
ARM GAS  C:\Users\WINDOW~1\AppData\Local\Temp\ccZdVXNj.s 			page 7


 343 013a 50       		.byte	80
 344 013b 90       		.byte	-112
 345 013c 5E       		.byte	94
 346 013d 20       		.byte	32
 347 013e 6D       		.byte	109
 348 013f 60       		.byte	96
 349 0140 6E       		.byte	110
 350 0141 04       		.byte	4
 351 0142 6F       		.byte	111
 352 0143 04       		.byte	4
 353 0144 76       		.byte	118
 354 0145 2E       		.byte	46
 355 0146 77       		.byte	119
 356 0147 20       		.byte	32
 357 0148 C0       		.byte	-64
 358 0149 6E       		.byte	110
 359 014a C2       		.byte	-62
 360 014b 5C       		.byte	92
 361 014c C4       		.byte	-60
 362 014d A4       		.byte	-92
 363 014e CA       		.byte	-54
 364 014f F4       		.byte	-12
 365 0150 CC       		.byte	-52
 366 0151 F1       		.byte	-15
 367 0152 CE       		.byte	-50
 368 0153 F6       		.byte	-10
 369 0154 D0       		.byte	-48
 370 0155 06       		.byte	6
 371 0156 D2       		.byte	-46
 372 0157 04       		.byte	4
 373 0158 D6       		.byte	-42
 374 0159 20       		.byte	32
 375 015a 01       		.byte	1
 376 015b 01       		.byte	1
 377 015c 04       		.byte	4
 378 015d 01       		.byte	1
 379 015e 05       		.byte	5
 380 015f 18       		.byte	24
 381 0160 08       		.byte	8
 382 0161 01       		.byte	1
 383 0162 09       		.byte	9
 384 0163 18       		.byte	24
 385 0164 0C       		.byte	12
 386 0165 08       		.byte	8
 387 0166 0D       		.byte	13
 388 0167 01       		.byte	1
 389 0168 0E       		.byte	14
 390 0169 02       		.byte	2
 391 016a 11       		.byte	17
 392 016b 10       		.byte	16
 393 016c 12       		.byte	18
 394 016d 01       		.byte	1
 395 016e 13       		.byte	19
 396 016f 0C       		.byte	12
 397 0170 15       		.byte	21
 398 0171 01       		.byte	1
 399 0172 18       		.byte	24
ARM GAS  C:\Users\WINDOW~1\AppData\Local\Temp\ccZdVXNj.s 			page 8


 400 0173 0E       		.byte	14
 401 0174 19       		.byte	25
 402 0175 01       		.byte	1
 403 0176 1C       		.byte	28
 404 0177 04       		.byte	4
 405 0178 1E       		.byte	30
 406 0179 02       		.byte	2
 407 017a 22       		.byte	34
 408 017b 01       		.byte	1
 409 017c 24       		.byte	36
 410 017d 0E       		.byte	14
 411 017e 25       		.byte	37
 412 017f 08       		.byte	8
 413 0180 27       		.byte	39
 414 0181 14       		.byte	20
 415 0182 28       		.byte	40
 416 0183 02       		.byte	2
 417 0184 2A       		.byte	42
 418 0185 0C       		.byte	12
 419 0186 2B       		.byte	43
 420 0187 02       		.byte	2
 421 0188 2D       		.byte	45
 422 0189 20       		.byte	32
 423 018a 30       		.byte	48
 424 018b 01       		.byte	1
 425 018c 31       		.byte	49
 426 018d 06       		.byte	6
 427 018e 32       		.byte	50
 428 018f 0E       		.byte	14
 429 0190 33       		.byte	51
 430 0191 20       		.byte	32
 431 0192 35       		.byte	53
 432 0193 01       		.byte	1
 433 0194 37       		.byte	55
 434 0195 18       		.byte	24
 435 0196 38       		.byte	56
 436 0197 02       		.byte	2
 437 0198 3F       		.byte	63
 438 0199 15       		.byte	21
 439 019a 40       		.byte	64
 440 019b 25       		.byte	37
 441 019c 41       		.byte	65
 442 019d 06       		.byte	6
 443 019e 42       		.byte	66
 444 019f 03       		.byte	3
 445 01a0 44       		.byte	68
 446 01a1 01       		.byte	1
 447 01a2 46       		.byte	70
 448 01a3 EC       		.byte	-20
 449 01a4 48       		.byte	72
 450 01a5 0C       		.byte	12
 451 01a6 49       		.byte	73
 452 01a7 FF       		.byte	-1
 453 01a8 4A       		.byte	74
 454 01a9 FF       		.byte	-1
 455 01aa 4B       		.byte	75
 456 01ab FF       		.byte	-1
ARM GAS  C:\Users\WINDOW~1\AppData\Local\Temp\ccZdVXNj.s 			page 9


 457 01ac 4C       		.byte	76
 458 01ad 62       		.byte	98
 459 01ae 4D       		.byte	77
 460 01af A0       		.byte	-96
 461 01b0 4E       		.byte	78
 462 01b1 F0       		.byte	-16
 463 01b2 4F       		.byte	79
 464 01b3 41       		.byte	65
 465 01b4 50       		.byte	80
 466 01b5 0C       		.byte	12
 467 01b6 54       		.byte	84
 468 01b7 01       		.byte	1
 469 01b8 58       		.byte	88
 470 01b9 04       		.byte	4
 471 01ba 59       		.byte	89
 472 01bb 04       		.byte	4
 473 01bc 5A       		.byte	90
 474 01bd 04       		.byte	4
 475 01be 5B       		.byte	91
 476 01bf 04       		.byte	4
 477 01c0 5F       		.byte	95
 478 01c1 01       		.byte	1
 479 01c2 66       		.byte	102
 480 01c3 40       		.byte	64
 481 01c4 67       		.byte	103
 482 01c5 02       		.byte	2
 483 01c6 69       		.byte	105
 484 01c7 10       		.byte	16
 485 01c8 6A       		.byte	106
 486 01c9 30       		.byte	48
 487 01ca 6B       		.byte	107
 488 01cb 10       		.byte	16
 489 01cc 6D       		.byte	109
 490 01cd 10       		.byte	16
 491 01ce 6E       		.byte	110
 492 01cf 10       		.byte	16
 493 01d0 6F       		.byte	111
 494 01d1 12       		.byte	18
 495 01d2 84       		.byte	-124
 496 01d3 01       		.byte	1
 497 01d4 85       		.byte	-123
 498 01d5 01       		.byte	1
 499 01d6 87       		.byte	-121
 500 01d7 06       		.byte	6
 501 01d8 88       		.byte	-120
 502 01d9 01       		.byte	1
 503 01da 8B       		.byte	-117
 504 01db 03       		.byte	3
 505 01dc 8F       		.byte	-113
 506 01dd 0C       		.byte	12
 507 01de 91       		.byte	-111
 508 01df 0C       		.byte	12
 509 01e0 92       		.byte	-110
 510 01e1 01       		.byte	1
 511 01e2 93       		.byte	-109
 512 01e3 03       		.byte	3
 513 01e4 96       		.byte	-106
ARM GAS  C:\Users\WINDOW~1\AppData\Local\Temp\ccZdVXNj.s 			page 10


 514 01e5 01       		.byte	1
 515 01e6 A3       		.byte	-93
 516 01e7 08       		.byte	8
 517 01e8 A6       		.byte	-90
 518 01e9 01       		.byte	1
 519 01ea A9       		.byte	-87
 520 01eb 01       		.byte	1
 521 01ec AB       		.byte	-85
 522 01ed 0E       		.byte	14
 523 01ee B0       		.byte	-80
 524 01ef 01       		.byte	1
 525 01f0 B1       		.byte	-79
 526 01f1 0F       		.byte	15
 527 01f2 BB       		.byte	-69
 528 01f3 02       		.byte	2
 529 01f4 BE       		.byte	-66
 530 01f5 01       		.byte	1
 531 01f6 D8       		.byte	-40
 532 01f7 04       		.byte	4
 533 01f8 D9       		.byte	-39
 534 01f9 04       		.byte	4
 535 01fa DF       		.byte	-33
 536 01fb 01       		.byte	1
 537 01fc 00       		.byte	0
 538 01fd 04       		.byte	4
 539 01fe 03       		.byte	3
 540 01ff 08       		.byte	8
 541 0200 05       		.byte	5
 542 0201 14       		.byte	20
 543 0202 07       		.byte	7
 544 0203 01       		.byte	1
 545 0204 09       		.byte	9
 546 0205 02       		.byte	2
 547 0206 0B       		.byte	11
 548 0207 20       		.byte	32
 549 0208 0E       		.byte	14
 550 0209 44       		.byte	68
 551 020a 0F       		.byte	15
 552 020b 02       		.byte	2
 553 020c 10       		.byte	16
 554 020d 30       		.byte	48
 555 020e 15       		.byte	21
 556 020f 11       		.byte	17
 557 0210 17       		.byte	23
 558 0211 04       		.byte	4
 559 0212 18       		.byte	24
 560 0213 40       		.byte	64
 561 0214 1D       		.byte	29
 562 0215 01       		.byte	1
 563 0216 1F       		.byte	31
 564 0217 04       		.byte	4
 565 0218 21       		.byte	33
 566 0219 02       		.byte	2
 567 021a 26       		.byte	38
 568 021b 10       		.byte	16
 569 021c 27       		.byte	39
 570 021d 51       		.byte	81
ARM GAS  C:\Users\WINDOW~1\AppData\Local\Temp\ccZdVXNj.s 			page 11


 571 021e 29       		.byte	41
 572 021f 02       		.byte	2
 573 0220 2B       		.byte	43
 574 0221 08       		.byte	8
 575 0222 2D       		.byte	45
 576 0223 10       		.byte	16
 577 0224 2F       		.byte	47
 578 0225 26       		.byte	38
 579 0226 31       		.byte	49
 580 0227 02       		.byte	2
 581 0228 34       		.byte	52
 582 0229 08       		.byte	8
 583 022a 35       		.byte	53
 584 022b 34       		.byte	52
 585 022c 36       		.byte	54
 586 022d 08       		.byte	8
 587 022e 37       		.byte	55
 588 022f 01       		.byte	1
 589 0230 38       		.byte	56
 590 0231 04       		.byte	4
 591 0232 39       		.byte	57
 592 0233 80       		.byte	-128
 593 0234 3B       		.byte	59
 594 0235 20       		.byte	32
 595 0236 3D       		.byte	61
 596 0237 23       		.byte	35
 597 0238 3E       		.byte	62
 598 0239 45       		.byte	69
 599 023a 44       		.byte	68
 600 023b 08       		.byte	8
 601 023c 46       		.byte	70
 602 023d 10       		.byte	16
 603 023e 47       		.byte	71
 604 023f 40       		.byte	64
 605 0240 4D       		.byte	77
 606 0241 20       		.byte	32
 607 0242 4E       		.byte	78
 608 0243 02       		.byte	2
 609 0244 57       		.byte	87
 610 0245 50       		.byte	80
 611 0246 58       		.byte	88
 612 0247 30       		.byte	48
 613 0248 5C       		.byte	92
 614 0249 60       		.byte	96
 615 024a 5E       		.byte	94
 616 024b 08       		.byte	8
 617 024c 5F       		.byte	95
 618 024d 01       		.byte	1
 619 024e 90       		.byte	-112
 620 024f 04       		.byte	4
 621 0250 91       		.byte	-111
 622 0251 80       		.byte	-128
 623 0252 92       		.byte	-110
 624 0253 04       		.byte	4
 625 0254 93       		.byte	-109
 626 0255 01       		.byte	1
 627 0256 95       		.byte	-107
ARM GAS  C:\Users\WINDOW~1\AppData\Local\Temp\ccZdVXNj.s 			page 12


 628 0257 10       		.byte	16
 629 0258 96       		.byte	-106
 630 0259 41       		.byte	65
 631 025a 97       		.byte	-105
 632 025b 20       		.byte	32
 633 025c 99       		.byte	-103
 634 025d 40       		.byte	64
 635 025e 9A       		.byte	-102
 636 025f 36       		.byte	54
 637 0260 9B       		.byte	-101
 638 0261 06       		.byte	6
 639 0262 9C       		.byte	-100
 640 0263 01       		.byte	1
 641 0264 9D       		.byte	-99
 642 0265 20       		.byte	32
 643 0266 9F       		.byte	-97
 644 0267 01       		.byte	1
 645 0268 A0       		.byte	-96
 646 0269 A1       		.byte	-95
 647 026a A1       		.byte	-95
 648 026b 19       		.byte	25
 649 026c A2       		.byte	-94
 650 026d 04       		.byte	4
 651 026e A5       		.byte	-91
 652 026f 02       		.byte	2
 653 0270 A6       		.byte	-90
 654 0271 98       		.byte	-104
 655 0272 A7       		.byte	-89
 656 0273 68       		.byte	104
 657 0274 C0       		.byte	-64
 658 0275 E6       		.byte	-26
 659 0276 C2       		.byte	-62
 660 0277 DC       		.byte	-36
 661 0278 C4       		.byte	-60
 662 0279 74       		.byte	116
 663 027a CA       		.byte	-54
 664 027b 75       		.byte	117
 665 027c CC       		.byte	-52
 666 027d E1       		.byte	-31
 667 027e CE       		.byte	-50
 668 027f FE       		.byte	-2
 669 0280 D0       		.byte	-48
 670 0281 70       		.byte	112
 671 0282 D2       		.byte	-46
 672 0283 30       		.byte	48
 673 0284 D6       		.byte	-42
 674 0285 F0       		.byte	-16
 675 0286 00       		.byte	0
 676 0287 09       		.byte	9
 677 0288 02       		.byte	2
 678 0289 D0       		.byte	-48
 679 028a 04       		.byte	4
 680 028b 10       		.byte	16
 681 028c 05       		.byte	5
 682 028d 03       		.byte	3
 683 028e 06       		.byte	6
 684 028f AC       		.byte	-84
ARM GAS  C:\Users\WINDOW~1\AppData\Local\Temp\ccZdVXNj.s 			page 13


 685 0290 0B       		.byte	11
 686 0291 01       		.byte	1
 687 0292 0E       		.byte	14
 688 0293 03       		.byte	3
 689 0294 10       		.byte	16
 690 0295 DC       		.byte	-36
 691 0296 11       		.byte	17
 692 0297 02       		.byte	2
 693 0298 12       		.byte	18
 694 0299 22       		.byte	34
 695 029a 16       		.byte	22
 696 029b 20       		.byte	32
 697 029c 18       		.byte	24
 698 029d 0C       		.byte	12
 699 029e 1A       		.byte	26
 700 029f 71       		.byte	113
 701 02a0 1C       		.byte	28
 702 02a1 10       		.byte	16
 703 02a2 1E       		.byte	30
 704 02a3 40       		.byte	64
 705 02a4 20       		.byte	32
 706 02a5 14       		.byte	20
 707 02a6 29       		.byte	41
 708 02a7 03       		.byte	3
 709 02a8 30       		.byte	48
 710 02a9 1F       		.byte	31
 711 02aa 31       		.byte	49
 712 02ab 03       		.byte	3
 713 02ac 34       		.byte	52
 714 02ad E0       		.byte	-32
 715 02ae 39       		.byte	57
 716 02af 02       		.byte	2
 717 02b0 3A       		.byte	58
 718 02b1 20       		.byte	32
 719 02b2 3F       		.byte	63
 720 02b3 01       		.byte	1
 721 02b4 40       		.byte	64
 722 02b5 04       		.byte	4
 723 02b6 45       		.byte	69
 724 02b7 40       		.byte	64
 725 02b8 49       		.byte	73
 726 02b9 FF       		.byte	-1
 727 02ba 4A       		.byte	74
 728 02bb 07       		.byte	7
 729 02bc 4B       		.byte	75
 730 02bd FF       		.byte	-1
 731 02be 4C       		.byte	76
 732 02bf 40       		.byte	64
 733 02c0 4D       		.byte	77
 734 02c1 20       		.byte	32
 735 02c2 4E       		.byte	78
 736 02c3 F0       		.byte	-16
 737 02c4 4F       		.byte	79
 738 02c5 05       		.byte	5
 739 02c6 50       		.byte	80
 740 02c7 08       		.byte	8
 741 02c8 58       		.byte	88
ARM GAS  C:\Users\WINDOW~1\AppData\Local\Temp\ccZdVXNj.s 			page 14


 742 02c9 04       		.byte	4
 743 02ca 59       		.byte	89
 744 02cb 04       		.byte	4
 745 02cc 5A       		.byte	90
 746 02cd 04       		.byte	4
 747 02ce 5F       		.byte	95
 748 02cf 01       		.byte	1
 749 02d0 60       		.byte	96
 750 02d1 40       		.byte	64
 751 02d2 61       		.byte	97
 752 02d3 A8       		.byte	-88
 753 02d4 62       		.byte	98
 754 02d5 40       		.byte	64
 755 02d6 63       		.byte	99
 756 02d7 20       		.byte	32
 757 02d8 81       		.byte	-127
 758 02d9 10       		.byte	16
 759 02da 82       		.byte	-126
 760 02db 01       		.byte	1
 761 02dc 84       		.byte	-124
 762 02dd 0C       		.byte	12
 763 02de 85       		.byte	-123
 764 02df 08       		.byte	8
 765 02e0 88       		.byte	-120
 766 02e1 04       		.byte	4
 767 02e2 89       		.byte	-119
 768 02e3 18       		.byte	24
 769 02e4 8C       		.byte	-116
 770 02e5 08       		.byte	8
 771 02e6 8F       		.byte	-113
 772 02e7 06       		.byte	6
 773 02e8 91       		.byte	-111
 774 02e9 04       		.byte	4
 775 02ea 96       		.byte	-106
 776 02eb 01       		.byte	1
 777 02ec 98       		.byte	-104
 778 02ed 0E       		.byte	14
 779 02ee 99       		.byte	-103
 780 02ef 1E       		.byte	30
 781 02f0 9C       		.byte	-100
 782 02f1 0C       		.byte	12
 783 02f2 9D       		.byte	-99
 784 02f3 06       		.byte	6
 785 02f4 9E       		.byte	-98
 786 02f5 02       		.byte	2
 787 02f6 9F       		.byte	-97
 788 02f7 18       		.byte	24
 789 02f8 A0       		.byte	-96
 790 02f9 0C       		.byte	12
 791 02fa A1       		.byte	-95
 792 02fb 18       		.byte	24
 793 02fc A2       		.byte	-94
 794 02fd 02       		.byte	2
 795 02fe A3       		.byte	-93
 796 02ff 06       		.byte	6
 797 0300 A5       		.byte	-91
 798 0301 02       		.byte	2
ARM GAS  C:\Users\WINDOW~1\AppData\Local\Temp\ccZdVXNj.s 			page 15


 799 0302 A7       		.byte	-89
 800 0303 01       		.byte	1
 801 0304 A8       		.byte	-88
 802 0305 02       		.byte	2
 803 0306 A9       		.byte	-87
 804 0307 06       		.byte	6
 805 0308 AA       		.byte	-86
 806 0309 0C       		.byte	12
 807 030a AD       		.byte	-83
 808 030b 1E       		.byte	30
 809 030c AE       		.byte	-82
 810 030d 02       		.byte	2
 811 030e B0       		.byte	-80
 812 030f 0E       		.byte	14
 813 0310 B2       		.byte	-78
 814 0311 01       		.byte	1
 815 0312 B3       		.byte	-77
 816 0313 1E       		.byte	30
 817 0314 B7       		.byte	-73
 818 0315 01       		.byte	1
 819 0316 BA       		.byte	-70
 820 0317 22       		.byte	34
 821 0318 BB       		.byte	-69
 822 0319 08       		.byte	8
 823 031a BE       		.byte	-66
 824 031b 04       		.byte	4
 825 031c D4       		.byte	-44
 826 031d 18       		.byte	24
 827 031e D6       		.byte	-42
 828 031f 04       		.byte	4
 829 0320 D8       		.byte	-40
 830 0321 04       		.byte	4
 831 0322 D9       		.byte	-39
 832 0323 04       		.byte	4
 833 0324 DB       		.byte	-37
 834 0325 04       		.byte	4
 835 0326 DF       		.byte	-33
 836 0327 01       		.byte	1
 837 0328 00       		.byte	0
 838 0329 06       		.byte	6
 839 032a 03       		.byte	3
 840 032b 02       		.byte	2
 841 032c 05       		.byte	5
 842 032d 01       		.byte	1
 843 032e 06       		.byte	6
 844 032f 2E       		.byte	46
 845 0330 09       		.byte	9
 846 0331 02       		.byte	2
 847 0332 0A       		.byte	10
 848 0333 08       		.byte	8
 849 0334 0B       		.byte	11
 850 0335 21       		.byte	33
 851 0336 0E       		.byte	14
 852 0337 05       		.byte	5
 853 0338 0F       		.byte	15
 854 0339 20       		.byte	32
 855 033a 10       		.byte	16
ARM GAS  C:\Users\WINDOW~1\AppData\Local\Temp\ccZdVXNj.s 			page 16


 856 033b 80       		.byte	-128
 857 033c 14       		.byte	20
 858 033d 01       		.byte	1
 859 033e 15       		.byte	21
 860 033f 40       		.byte	64
 861 0340 16       		.byte	22
 862 0341 80       		.byte	-128
 863 0342 17       		.byte	23
 864 0343 10       		.byte	16
 865 0344 19       		.byte	25
 866 0345 20       		.byte	32
 867 0346 1A       		.byte	26
 868 0347 08       		.byte	8
 869 0348 1B       		.byte	27
 870 0349 02       		.byte	2
 871 034a 1D       		.byte	29
 872 034b 10       		.byte	16
 873 034c 1E       		.byte	30
 874 034d 44       		.byte	68
 875 034e 1F       		.byte	31
 876 034f 04       		.byte	4
 877 0350 20       		.byte	32
 878 0351 40       		.byte	64
 879 0352 25       		.byte	37
 880 0353 04       		.byte	4
 881 0354 26       		.byte	38
 882 0355 88       		.byte	-120
 883 0356 27       		.byte	39
 884 0357 10       		.byte	16
 885 0358 29       		.byte	41
 886 0359 20       		.byte	32
 887 035a 2B       		.byte	43
 888 035b 08       		.byte	8
 889 035c 2D       		.byte	45
 890 035d 10       		.byte	16
 891 035e 2E       		.byte	46
 892 035f C1       		.byte	-63
 893 0360 2F       		.byte	47
 894 0361 20       		.byte	32
 895 0362 31       		.byte	49
 896 0363 02       		.byte	2
 897 0364 35       		.byte	53
 898 0365 90       		.byte	-112
 899 0366 37       		.byte	55
 900 0367 01       		.byte	1
 901 0368 38       		.byte	56
 902 0369 24       		.byte	36
 903 036a 3D       		.byte	61
 904 036b 40       		.byte	64
 905 036c 3E       		.byte	62
 906 036d 2A       		.byte	42
 907 036e 40       		.byte	64
 908 036f 40       		.byte	64
 909 0370 49       		.byte	73
 910 0371 02       		.byte	2
 911 0372 4B       		.byte	75
 912 0373 01       		.byte	1
ARM GAS  C:\Users\WINDOW~1\AppData\Local\Temp\ccZdVXNj.s 			page 17


 913 0374 50       		.byte	80
 914 0375 10       		.byte	16
 915 0376 53       		.byte	83
 916 0377 10       		.byte	16
 917 0378 5F       		.byte	95
 918 0379 02       		.byte	2
 919 037a 65       		.byte	101
 920 037b 40       		.byte	64
 921 037c 67       		.byte	103
 922 037d 88       		.byte	-120
 923 037e 8B       		.byte	-117
 924 037f 40       		.byte	64
 925 0380 90       		.byte	-112
 926 0381 04       		.byte	4
 927 0382 91       		.byte	-111
 928 0383 10       		.byte	16
 929 0384 92       		.byte	-110
 930 0385 01       		.byte	1
 931 0386 96       		.byte	-106
 932 0387 40       		.byte	64
 933 0388 97       		.byte	-105
 934 0389 20       		.byte	32
 935 038a 98       		.byte	-104
 936 038b 01       		.byte	1
 937 038c 99       		.byte	-103
 938 038d 41       		.byte	65
 939 038e 9A       		.byte	-102
 940 038f 26       		.byte	38
 941 0390 9B       		.byte	-101
 942 0391 03       		.byte	3
 943 0392 9D       		.byte	-99
 944 0393 12       		.byte	18
 945 0394 A0       		.byte	-96
 946 0395 81       		.byte	-127
 947 0396 A1       		.byte	-95
 948 0397 02       		.byte	2
 949 0398 A3       		.byte	-93
 950 0399 30       		.byte	48
 951 039a A6       		.byte	-90
 952 039b 88       		.byte	-120
 953 039c A7       		.byte	-89
 954 039d 0A       		.byte	10
 955 039e AB       		.byte	-85
 956 039f 10       		.byte	16
 957 03a0 AC       		.byte	-84
 958 03a1 01       		.byte	1
 959 03a2 AD       		.byte	-83
 960 03a3 08       		.byte	8
 961 03a4 AE       		.byte	-82
 962 03a5 02       		.byte	2
 963 03a6 AF       		.byte	-81
 964 03a7 21       		.byte	33
 965 03a8 C0       		.byte	-64
 966 03a9 FD       		.byte	-3
 967 03aa C2       		.byte	-62
 968 03ab EF       		.byte	-17
 969 03ac C4       		.byte	-60
ARM GAS  C:\Users\WINDOW~1\AppData\Local\Temp\ccZdVXNj.s 			page 18


 970 03ad D8       		.byte	-40
 971 03ae CA       		.byte	-54
 972 03af F4       		.byte	-12
 973 03b0 CC       		.byte	-52
 974 03b1 B1       		.byte	-79
 975 03b2 CE       		.byte	-50
 976 03b3 F6       		.byte	-10
 977 03b4 D0       		.byte	-48
 978 03b5 01       		.byte	1
 979 03b6 D6       		.byte	-42
 980 03b7 80       		.byte	-128
 981 03b8 D8       		.byte	-40
 982 03b9 B0       		.byte	-80
 983 03ba E6       		.byte	-26
 984 03bb 80       		.byte	-128
 985 03bc A9       		.byte	-87
 986 03bd 84       		.byte	-124
 987 03be EE       		.byte	-18
 988 03bf 08       		.byte	8
 989 03c0 E2       		.byte	-30
 990 03c1 80       		.byte	-128
 991 03c2 E2       		.byte	-30
 992 03c3 80       		.byte	-128
 993 03c4 EE       		.byte	-18
 994 03c5 08       		.byte	8
 995 03c6 32       		.byte	50
 996 03c7 08       		.byte	8
 997 03c8 33       		.byte	51
 998 03c9 20       		.byte	32
 999 03ca 36       		.byte	54
 1000 03cb 80       		.byte	-128
 1001 03cc CC       		.byte	-52
 1002 03cd 70       		.byte	112
 1003 03ce 03       		.byte	3
 1004 03cf 80       		.byte	-128
 1005 03d0 56       		.byte	86
 1006 03d1 20       		.byte	32
 1007 03d2 A6       		.byte	-90
 1008 03d3 88       		.byte	-120
 1009 03d4 A7       		.byte	-89
 1010 03d5 20       		.byte	32
 1011 03d6 C0       		.byte	-64
 1012 03d7 10       		.byte	16
 1013 03d8 D4       		.byte	-44
 1014 03d9 40       		.byte	64
 1015 03da 8A       		.byte	-118
 1016 03db 08       		.byte	8
 1017 03dc A6       		.byte	-90
 1018 03dd 88       		.byte	-120
 1019 03de A7       		.byte	-89
 1020 03df 20       		.byte	32
 1021 03e0 AA       		.byte	-86
 1022 03e1 20       		.byte	32
 1023 03e2 AF       		.byte	-81
 1024 03e3 80       		.byte	-128
 1025 03e4 EA       		.byte	-22
 1026 03e5 20       		.byte	32
ARM GAS  C:\Users\WINDOW~1\AppData\Local\Temp\ccZdVXNj.s 			page 19


 1027 03e6 EC       		.byte	-20
 1028 03e7 10       		.byte	16
 1029 03e8 A6       		.byte	-90
 1030 03e9 80       		.byte	-128
 1031 03ea A7       		.byte	-89
 1032 03eb 20       		.byte	32
 1033 03ec 8A       		.byte	-118
 1034 03ed 80       		.byte	-128
 1035 03ee A6       		.byte	-90
 1036 03ef 80       		.byte	-128
 1037 03f0 A7       		.byte	-89
 1038 03f1 20       		.byte	32
 1039 03f2 AF       		.byte	-81
 1040 03f3 20       		.byte	32
 1041 03f4 EE       		.byte	-18
 1042 03f5 10       		.byte	16
 1043 03f6 1C       		.byte	28
 1044 03f7 02       		.byte	2
 1045 03f8 1F       		.byte	31
 1046 03f9 80       		.byte	-128
 1047 03fa 88       		.byte	-120
 1048 03fb 01       		.byte	1
 1049 03fc C6       		.byte	-58
 1050 03fd 01       		.byte	1
 1051 03fe E2       		.byte	-30
 1052 03ff 01       		.byte	1
 1053 0400 AF       		.byte	-81
 1054 0401 80       		.byte	-128
 1055 0402 00       		.byte	0
 1056 0403 01       		.byte	1
 1057 0404 08       		.byte	8
 1058 0405 01       		.byte	1
 1059 0406 0A       		.byte	10
 1060 0407 01       		.byte	1
 1061 0408 00       		.byte	0
 1062 0409 3F       		.byte	63
 1063 040a 00       		.byte	0
 1064 040b 00       		.byte	0
 1065 040c 02       		.byte	2
 1066 040d 00       		.byte	0
 1067 040e 01       		.byte	1
 1068 040f 02       		.byte	2
 1069 0410 02       		.byte	2
 1070 0411 00       		.byte	0
 1071 0412 02       		.byte	2
 1072 0413 00       		.byte	0
 1073 0414 00       		.byte	0
 1074 0415 00       		.byte	0
 1075 0416 00       		.byte	0
 1076 0417 00       		.byte	0
 1077 0418 00       		.byte	0
 1078 0419 00       		.byte	0
 1079 041a 00       		.byte	0
 1080 041b 00       		.byte	0
 1081 041c 00       		.byte	0
 1082 041d 00       		.byte	0
 1083 041e 02       		.byte	2
ARM GAS  C:\Users\WINDOW~1\AppData\Local\Temp\ccZdVXNj.s 			page 20


 1084 041f 00       		.byte	0
 1085 0420 00       		.byte	0
 1086 0421 0B       		.byte	11
 1087 0422 0B       		.byte	11
 1088 0423 00       		.byte	0
 1089 0424 00       		.byte	0
 1090 0425 00       		.byte	0
 1091 0426 00       		.byte	0
 1092 0427 00       		.byte	0
 1093 0428 00       		.byte	0
 1094 0429 00       		.byte	0
 1095 042a 00       		.byte	0
 1096 042b 00       		.byte	0
 1097 042c 00       		.byte	0
 1098 042d 00       		.byte	0
 1099 042e 22       		.byte	34
 1100 042f 00       		.byte	0
 1101 0430 0F       		.byte	15
 1102 0431 00       		.byte	0
 1103 0432 18       		.byte	24
 1104 0433 01       		.byte	1
 1105              		.section	.cywolatch,"a",%progbits
 1106              		.align	2
 1107              		.type	cy_meta_wonvl, %object
 1108              		.size	cy_meta_wonvl, 4
 1109              	cy_meta_wonvl:
 1110 0000 BC       		.byte	-68
 1111 0001 90       		.byte	-112
 1112 0002 AC       		.byte	-84
 1113 0003 AF       		.byte	-81
 1114              		.section	.cycustnvl,"a",%progbits
 1115              		.align	2
 1116              		.type	cy_meta_custnvl, %object
 1117              		.size	cy_meta_custnvl, 4
 1118              	cy_meta_custnvl:
 1119 0000 00       		.byte	0
 1120 0001 00       		.byte	0
 1121 0002 40       		.byte	64
 1122 0003 05       		.byte	5
 1123              		.section	.cymeta,"a",%progbits
 1124              		.align	2
 1125              		.type	cy_metadata, %object
 1126              		.size	cy_metadata, 12
 1127              	cy_metadata:
 1128 0000 00       		.byte	0
 1129 0001 01       		.byte	1
 1130 0002 2E       		.byte	46
 1131 0003 16       		.byte	22
 1132 0004 10       		.byte	16
 1133 0005 69       		.byte	105
 1134 0006 00       		.byte	0
 1135 0007 01       		.byte	1
 1136 0008 00       		.byte	0
 1137 0009 00       		.byte	0
 1138 000a 00       		.byte	0
 1139 000b 00       		.byte	0
 1140              		.section	.cyflashprotect,"a",%progbits
ARM GAS  C:\Users\WINDOW~1\AppData\Local\Temp\ccZdVXNj.s 			page 21


 1141              		.align	2
 1142              		.type	cy_meta_flashprotect, %object
 1143              		.size	cy_meta_flashprotect, 256
 1144              	cy_meta_flashprotect:
 1145 0000 00000000 		.space	256
 1145      00000000 
 1145      00000000 
 1145      00000000 
 1145      00000000 
 1146              		.text
 1147              	.Letext0:
 1148              		.file 1 "c:\\program files (x86)\\cypress\\psoc creator\\4.4\\psoc creator\\import\\gnu\\arm\\5.4.
 1149              		.file 2 "c:\\program files (x86)\\cypress\\psoc creator\\4.4\\psoc creator\\import\\gnu\\arm\\5.4.
 1150              		.file 3 "Generated_Source\\PSoC5\\cymetadata.c"
 1151              		.section	.debug_info,"",%progbits
 1152              	.Ldebug_info0:
 1153 0000 31010000 		.4byte	0x131
 1154 0004 0400     		.2byte	0x4
 1155 0006 00000000 		.4byte	.Ldebug_abbrev0
 1156 000a 04       		.byte	0x4
 1157 000b 01       		.uleb128 0x1
 1158 000c 24000000 		.4byte	.LASF17
 1159 0010 0C       		.byte	0xc
 1160 0011 CA010000 		.4byte	.LASF18
 1161 0015 06010000 		.4byte	.LASF19
 1162 0019 00000000 		.4byte	.Ldebug_line0
 1163 001d 02       		.uleb128 0x2
 1164 001e 01       		.byte	0x1
 1165 001f 06       		.byte	0x6
 1166 0020 BE010000 		.4byte	.LASF0
 1167 0024 03       		.uleb128 0x3
 1168 0025 00000000 		.4byte	.LASF9
 1169 0029 01       		.byte	0x1
 1170 002a 1D       		.byte	0x1d
 1171 002b 2F000000 		.4byte	0x2f
 1172 002f 02       		.uleb128 0x2
 1173 0030 01       		.byte	0x1
 1174 0031 08       		.byte	0x8
 1175 0032 16000000 		.4byte	.LASF1
 1176 0036 02       		.uleb128 0x2
 1177 0037 02       		.byte	0x2
 1178 0038 05       		.byte	0x5
 1179 0039 AB010000 		.4byte	.LASF2
 1180 003d 02       		.uleb128 0x2
 1181 003e 02       		.byte	0x2
 1182 003f 07       		.byte	0x7
 1183 0040 C4000000 		.4byte	.LASF3
 1184 0044 02       		.uleb128 0x2
 1185 0045 04       		.byte	0x4
 1186 0046 05       		.byte	0x5
 1187 0047 B5010000 		.4byte	.LASF4
 1188 004b 02       		.uleb128 0x2
 1189 004c 04       		.byte	0x4
 1190 004d 07       		.byte	0x7
 1191 004e B2000000 		.4byte	.LASF5
 1192 0052 02       		.uleb128 0x2
 1193 0053 08       		.byte	0x8
ARM GAS  C:\Users\WINDOW~1\AppData\Local\Temp\ccZdVXNj.s 			page 22


 1194 0054 05       		.byte	0x5
 1195 0055 9D010000 		.4byte	.LASF6
 1196 0059 02       		.uleb128 0x2
 1197 005a 08       		.byte	0x8
 1198 005b 07       		.byte	0x7
 1199 005c 52010000 		.4byte	.LASF7
 1200 0060 04       		.uleb128 0x4
 1201 0061 04       		.byte	0x4
 1202 0062 05       		.byte	0x5
 1203 0063 696E7400 		.ascii	"int\000"
 1204 0067 02       		.uleb128 0x2
 1205 0068 04       		.byte	0x4
 1206 0069 07       		.byte	0x7
 1207 006a F9000000 		.4byte	.LASF8
 1208 006e 03       		.uleb128 0x3
 1209 006f 69010000 		.4byte	.LASF10
 1210 0073 02       		.byte	0x2
 1211 0074 18       		.byte	0x18
 1212 0075 24000000 		.4byte	0x24
 1213 0079 05       		.uleb128 0x5
 1214 007a 91000000 		.4byte	0x91
 1215 007e 8A000000 		.4byte	0x8a
 1216 0082 06       		.uleb128 0x6
 1217 0083 8A000000 		.4byte	0x8a
 1218 0087 3304     		.2byte	0x433
 1219 0089 00       		.byte	0
 1220 008a 02       		.uleb128 0x2
 1221 008b 04       		.byte	0x4
 1222 008c 07       		.byte	0x7
 1223 008d 94010000 		.4byte	.LASF11
 1224 0091 07       		.uleb128 0x7
 1225 0092 6E000000 		.4byte	0x6e
 1226 0096 08       		.uleb128 0x8
 1227 0097 E7000000 		.4byte	.LASF12
 1228 009b 03       		.byte	0x3
 1229 009c 1F       		.byte	0x1f
 1230 009d A7000000 		.4byte	0xa7
 1231 00a1 05       		.uleb128 0x5
 1232 00a2 03       		.byte	0x3
 1233 00a3 00000000 		.4byte	cy_meta_configecc
 1234 00a7 07       		.uleb128 0x7
 1235 00a8 79000000 		.4byte	0x79
 1236 00ac 05       		.uleb128 0x5
 1237 00ad 91000000 		.4byte	0x91
 1238 00b1 BC000000 		.4byte	0xbc
 1239 00b5 09       		.uleb128 0x9
 1240 00b6 8A000000 		.4byte	0x8a
 1241 00ba 03       		.byte	0x3
 1242 00bb 00       		.byte	0
 1243 00bc 08       		.uleb128 0x8
 1244 00bd D7000000 		.4byte	.LASF13
 1245 00c1 03       		.byte	0x3
 1246 00c2 B3       		.byte	0xb3
 1247 00c3 CD000000 		.4byte	0xcd
 1248 00c7 05       		.uleb128 0x5
 1249 00c8 03       		.byte	0x3
 1250 00c9 00000000 		.4byte	cy_meta_custnvl
ARM GAS  C:\Users\WINDOW~1\AppData\Local\Temp\ccZdVXNj.s 			page 23


 1251 00cd 07       		.uleb128 0x7
 1252 00ce AC000000 		.4byte	0xac
 1253 00d2 08       		.uleb128 0x8
 1254 00d3 86010000 		.4byte	.LASF14
 1255 00d7 03       		.byte	0x3
 1256 00d8 C1       		.byte	0xc1
 1257 00d9 E3000000 		.4byte	0xe3
 1258 00dd 05       		.uleb128 0x5
 1259 00de 03       		.byte	0x3
 1260 00df 00000000 		.4byte	cy_meta_wonvl
 1261 00e3 07       		.uleb128 0x7
 1262 00e4 AC000000 		.4byte	0xac
 1263 00e8 05       		.uleb128 0x5
 1264 00e9 91000000 		.4byte	0x91
 1265 00ed F8000000 		.4byte	0xf8
 1266 00f1 09       		.uleb128 0x9
 1267 00f2 8A000000 		.4byte	0x8a
 1268 00f6 FF       		.byte	0xff
 1269 00f7 00       		.byte	0
 1270 00f8 08       		.uleb128 0x8
 1271 00f9 71010000 		.4byte	.LASF15
 1272 00fd 03       		.byte	0x3
 1273 00fe CF       		.byte	0xcf
 1274 00ff 09010000 		.4byte	0x109
 1275 0103 05       		.uleb128 0x5
 1276 0104 03       		.byte	0x3
 1277 0105 00000000 		.4byte	cy_meta_flashprotect
 1278 0109 07       		.uleb128 0x7
 1279 010a E8000000 		.4byte	0xe8
 1280 010e 05       		.uleb128 0x5
 1281 010f 91000000 		.4byte	0x91
 1282 0113 1E010000 		.4byte	0x11e
 1283 0117 09       		.uleb128 0x9
 1284 0118 8A000000 		.4byte	0x8a
 1285 011c 0B       		.byte	0xb
 1286 011d 00       		.byte	0
 1287 011e 08       		.uleb128 0x8
 1288 011f 0A000000 		.4byte	.LASF16
 1289 0123 03       		.byte	0x3
 1290 0124 FC       		.byte	0xfc
 1291 0125 2F010000 		.4byte	0x12f
 1292 0129 05       		.uleb128 0x5
 1293 012a 03       		.byte	0x3
 1294 012b 00000000 		.4byte	cy_metadata
 1295 012f 07       		.uleb128 0x7
 1296 0130 0E010000 		.4byte	0x10e
 1297 0134 00       		.byte	0
 1298              		.section	.debug_abbrev,"",%progbits
 1299              	.Ldebug_abbrev0:
 1300 0000 01       		.uleb128 0x1
 1301 0001 11       		.uleb128 0x11
 1302 0002 01       		.byte	0x1
 1303 0003 25       		.uleb128 0x25
 1304 0004 0E       		.uleb128 0xe
 1305 0005 13       		.uleb128 0x13
 1306 0006 0B       		.uleb128 0xb
 1307 0007 03       		.uleb128 0x3
ARM GAS  C:\Users\WINDOW~1\AppData\Local\Temp\ccZdVXNj.s 			page 24


 1308 0008 0E       		.uleb128 0xe
 1309 0009 1B       		.uleb128 0x1b
 1310 000a 0E       		.uleb128 0xe
 1311 000b 10       		.uleb128 0x10
 1312 000c 17       		.uleb128 0x17
 1313 000d 00       		.byte	0
 1314 000e 00       		.byte	0
 1315 000f 02       		.uleb128 0x2
 1316 0010 24       		.uleb128 0x24
 1317 0011 00       		.byte	0
 1318 0012 0B       		.uleb128 0xb
 1319 0013 0B       		.uleb128 0xb
 1320 0014 3E       		.uleb128 0x3e
 1321 0015 0B       		.uleb128 0xb
 1322 0016 03       		.uleb128 0x3
 1323 0017 0E       		.uleb128 0xe
 1324 0018 00       		.byte	0
 1325 0019 00       		.byte	0
 1326 001a 03       		.uleb128 0x3
 1327 001b 16       		.uleb128 0x16
 1328 001c 00       		.byte	0
 1329 001d 03       		.uleb128 0x3
 1330 001e 0E       		.uleb128 0xe
 1331 001f 3A       		.uleb128 0x3a
 1332 0020 0B       		.uleb128 0xb
 1333 0021 3B       		.uleb128 0x3b
 1334 0022 0B       		.uleb128 0xb
 1335 0023 49       		.uleb128 0x49
 1336 0024 13       		.uleb128 0x13
 1337 0025 00       		.byte	0
 1338 0026 00       		.byte	0
 1339 0027 04       		.uleb128 0x4
 1340 0028 24       		.uleb128 0x24
 1341 0029 00       		.byte	0
 1342 002a 0B       		.uleb128 0xb
 1343 002b 0B       		.uleb128 0xb
 1344 002c 3E       		.uleb128 0x3e
 1345 002d 0B       		.uleb128 0xb
 1346 002e 03       		.uleb128 0x3
 1347 002f 08       		.uleb128 0x8
 1348 0030 00       		.byte	0
 1349 0031 00       		.byte	0
 1350 0032 05       		.uleb128 0x5
 1351 0033 01       		.uleb128 0x1
 1352 0034 01       		.byte	0x1
 1353 0035 49       		.uleb128 0x49
 1354 0036 13       		.uleb128 0x13
 1355 0037 01       		.uleb128 0x1
 1356 0038 13       		.uleb128 0x13
 1357 0039 00       		.byte	0
 1358 003a 00       		.byte	0
 1359 003b 06       		.uleb128 0x6
 1360 003c 21       		.uleb128 0x21
 1361 003d 00       		.byte	0
 1362 003e 49       		.uleb128 0x49
 1363 003f 13       		.uleb128 0x13
 1364 0040 2F       		.uleb128 0x2f
ARM GAS  C:\Users\WINDOW~1\AppData\Local\Temp\ccZdVXNj.s 			page 25


 1365 0041 05       		.uleb128 0x5
 1366 0042 00       		.byte	0
 1367 0043 00       		.byte	0
 1368 0044 07       		.uleb128 0x7
 1369 0045 26       		.uleb128 0x26
 1370 0046 00       		.byte	0
 1371 0047 49       		.uleb128 0x49
 1372 0048 13       		.uleb128 0x13
 1373 0049 00       		.byte	0
 1374 004a 00       		.byte	0
 1375 004b 08       		.uleb128 0x8
 1376 004c 34       		.uleb128 0x34
 1377 004d 00       		.byte	0
 1378 004e 03       		.uleb128 0x3
 1379 004f 0E       		.uleb128 0xe
 1380 0050 3A       		.uleb128 0x3a
 1381 0051 0B       		.uleb128 0xb
 1382 0052 3B       		.uleb128 0x3b
 1383 0053 0B       		.uleb128 0xb
 1384 0054 49       		.uleb128 0x49
 1385 0055 13       		.uleb128 0x13
 1386 0056 3F       		.uleb128 0x3f
 1387 0057 19       		.uleb128 0x19
 1388 0058 02       		.uleb128 0x2
 1389 0059 18       		.uleb128 0x18
 1390 005a 00       		.byte	0
 1391 005b 00       		.byte	0
 1392 005c 09       		.uleb128 0x9
 1393 005d 21       		.uleb128 0x21
 1394 005e 00       		.byte	0
 1395 005f 49       		.uleb128 0x49
 1396 0060 13       		.uleb128 0x13
 1397 0061 2F       		.uleb128 0x2f
 1398 0062 0B       		.uleb128 0xb
 1399 0063 00       		.byte	0
 1400 0064 00       		.byte	0
 1401 0065 00       		.byte	0
 1402              		.section	.debug_aranges,"",%progbits
 1403 0000 14000000 		.4byte	0x14
 1404 0004 0200     		.2byte	0x2
 1405 0006 00000000 		.4byte	.Ldebug_info0
 1406 000a 04       		.byte	0x4
 1407 000b 00       		.byte	0
 1408 000c 0000     		.2byte	0
 1409 000e 0000     		.2byte	0
 1410 0010 00000000 		.4byte	0
 1411 0014 00000000 		.4byte	0
 1412              		.section	.debug_line,"",%progbits
 1413              	.Ldebug_line0:
 1414 0000 3D010000 		.section	.debug_str,"MS",%progbits,1
 1414      02003701 
 1414      00000201 
 1414      FB0E0D00 
 1414      01010101 
 1415              	.LASF9:
 1416 0000 5F5F7569 		.ascii	"__uint8_t\000"
 1416      6E74385F 
ARM GAS  C:\Users\WINDOW~1\AppData\Local\Temp\ccZdVXNj.s 			page 26


 1416      7400
 1417              	.LASF16:
 1418 000a 63795F6D 		.ascii	"cy_metadata\000"
 1418      65746164 
 1418      61746100 
 1419              	.LASF1:
 1420 0016 756E7369 		.ascii	"unsigned char\000"
 1420      676E6564 
 1420      20636861 
 1420      7200
 1421              	.LASF17:
 1422 0024 474E5520 		.ascii	"GNU C11 5.4.1 20160609 (release) [ARM/embedded-5-br"
 1422      43313120 
 1422      352E342E 
 1422      31203230 
 1422      31363036 
 1423 0057 616E6368 		.ascii	"anch revision 237715] -mcpu=cortex-m3 -mthumb -g -O"
 1423      20726576 
 1423      6973696F 
 1423      6E203233 
 1423      37373135 
 1424 008a 67202D66 		.ascii	"g -ffunction-sections -ffat-lto-objects\000"
 1424      66756E63 
 1424      74696F6E 
 1424      2D736563 
 1424      74696F6E 
 1425              	.LASF5:
 1426 00b2 6C6F6E67 		.ascii	"long unsigned int\000"
 1426      20756E73 
 1426      69676E65 
 1426      6420696E 
 1426      7400
 1427              	.LASF3:
 1428 00c4 73686F72 		.ascii	"short unsigned int\000"
 1428      7420756E 
 1428      7369676E 
 1428      65642069 
 1428      6E7400
 1429              	.LASF13:
 1430 00d7 63795F6D 		.ascii	"cy_meta_custnvl\000"
 1430      6574615F 
 1430      63757374 
 1430      6E766C00 
 1431              	.LASF12:
 1432 00e7 63795F6D 		.ascii	"cy_meta_configecc\000"
 1432      6574615F 
 1432      636F6E66 
 1432      69676563 
 1432      6300
 1433              	.LASF8:
 1434 00f9 756E7369 		.ascii	"unsigned int\000"
 1434      676E6564 
 1434      20696E74 
 1434      00
 1435              	.LASF19:
 1436 0106 433A5C55 		.ascii	"C:\\Users\\Windows 11\\Documents\\PSoC Creator\\PRO"
 1436      73657273 
ARM GAS  C:\Users\WINDOW~1\AppData\Local\Temp\ccZdVXNj.s 			page 27


 1436      5C57696E 
 1436      646F7773 
 1436      2031315C 
 1437 0134 59454354 		.ascii	"YECTO_FINAL_V0\\Design01.cydsn\000"
 1437      4F5F4649 
 1437      4E414C5F 
 1437      56305C44 
 1437      65736967 
 1438              	.LASF7:
 1439 0152 6C6F6E67 		.ascii	"long long unsigned int\000"
 1439      206C6F6E 
 1439      6720756E 
 1439      7369676E 
 1439      65642069 
 1440              	.LASF10:
 1441 0169 75696E74 		.ascii	"uint8_t\000"
 1441      385F7400 
 1442              	.LASF15:
 1443 0171 63795F6D 		.ascii	"cy_meta_flashprotect\000"
 1443      6574615F 
 1443      666C6173 
 1443      6870726F 
 1443      74656374 
 1444              	.LASF14:
 1445 0186 63795F6D 		.ascii	"cy_meta_wonvl\000"
 1445      6574615F 
 1445      776F6E76 
 1445      6C00
 1446              	.LASF11:
 1447 0194 73697A65 		.ascii	"sizetype\000"
 1447      74797065 
 1447      00
 1448              	.LASF6:
 1449 019d 6C6F6E67 		.ascii	"long long int\000"
 1449      206C6F6E 
 1449      6720696E 
 1449      7400
 1450              	.LASF2:
 1451 01ab 73686F72 		.ascii	"short int\000"
 1451      7420696E 
 1451      7400
 1452              	.LASF4:
 1453 01b5 6C6F6E67 		.ascii	"long int\000"
 1453      20696E74 
 1453      00
 1454              	.LASF0:
 1455 01be 7369676E 		.ascii	"signed char\000"
 1455      65642063 
 1455      68617200 
 1456              	.LASF18:
 1457 01ca 47656E65 		.ascii	"Generated_Source\\PSoC5\\cymetadata.c\000"
 1457      72617465 
 1457      645F536F 
 1457      75726365 
 1457      5C50536F 
 1458              		.ident	"GCC: (GNU Tools for ARM Embedded Processors) 5.4.1 20160609 (release) [ARM/embedded-5-bran
